# JRE version: OpenJDK Runtime Environment Temurin-21.0.10+7 (21.0.10+7) (build 21.0.10+7-LTS)
# Java VM: OpenJDK 64-Bit Server VM Temurin-21.0.10+7 (21.0.10+7-LTS, mixed mode, sharing, tiered, compressed oops, compressed class ptrs, parallel gc, windows-amd64)
GC Precious Log:
 CardTable entry size: 512
 CPUs: 20 total, 20 available
 Memory: 16068M
 Large Page Support: Disabled
 NUMA Support: Disabled
 Compressed Oops: Enabled (32-bit)
 Alignments: Space 512K, Generation 512K, Heap 2M
 Heap Min Capacity: 100M
 Heap Initial Capacity: 100M
 Heap Max Capacity: 2G
 Pre-touch: Disabled
 Parallel Workers: 15
Heap:
 PSYoungGen      total 3584K, used 3516K [0x00000000d5580000, 0x00000000d5b80000, 0x0000000100000000)
  eden space 2560K, 99% used [0x00000000d5580000,0x00000000d57fff70,0x00000000d5800000)
  from space 1024K, 93% used [0x00000000d5800000,0x00000000d58ef368,0x00000000d5900000)
  to   space 1536K, 60% used [0x00000000d5a00000,0x00000000d5ae8000,0x00000000d5b80000)
 ParOldGen       total 1241088K, used 1241084K [0x0000000080000000, 0x00000000cbc00000, 0x00000000d5580000)
  object space 1241088K, 99% used [0x0000000080000000,0x00000000cbbff0d8,0x00000000cbc00000)
 Metaspace       used 91090K, committed 92992K, reserved 1179648K
  class space    used 11847K, committed 12736K, reserved 1048576K
GC Heap History (20 events):
Event: 224.198 GC heap after
{Heap after GC invocations=3991 (full 5):
 PSYoungGen      total 4096K, used 1014K [0x00000000d5580000, 0x00000000d5d80000, 0x0000000100000000)
  eden space 3072K, 0% used [0x00000000d5580000,0x00000000d5580000,0x00000000d5880000)
  from space 1024K, 99% used [0x00000000d5880000,0x00000000d597d8b8,0x00000000d5980000)
  to   space 2560K, 0% used [0x00000000d5b00000,0x00000000d5b00000,0x00000000d5d80000)
 ParOldGen       total 1231360K, used 1231207K [0x0000000080000000, 0x00000000cb280000, 0x00000000d5580000)
  object space 1231360K, 99% used [0x0000000080000000,0x00000000cb259f38,0x00000000cb280000)
 Metaspace       used 91089K, committed 92992K, reserved 1179648K
  class space    used 11847K, committed 12736K, reserved 1048576K
}
Event: 224.207 GC heap before
{Heap before GC invocations=3992 (full 5):
 PSYoungGen      total 4096K, used 4086K [0x00000000d5580000, 0x00000000d5d80000, 0x0000000100000000)
  eden space 3072K, 100% used [0x00000000d5580000,0x00000000d5880000,0x00000000d5880000)
  from space 1024K, 99% used [0x00000000d5880000,0x00000000d597d8b8,0x00000000d5980000)
  to   space 2560K, 0% used [0x00000000d5b00000,0x00000000d5b00000,0x00000000d5d80000)
 ParOldGen       total 1231360K, used 1231207K [0x0000000080000000, 0x00000000cb280000, 0x00000000d5580000)
  object space 1231360K, 99% used [0x0000000080000000,0x00000000cb259f38,0x00000000cb280000)
 Metaspace       used 91089K, committed 92992K, reserved 1179648K
  class space    used 11847K, committed 12736K, reserved 1048576K
}
Event: 224.334 GC heap after
{Heap after GC invocations=3992 (full 5):
 PSYoungGen      total 4096K, used 2539K [0x00000000d5580000, 0x00000000d6180000, 0x0000000100000000)
  eden space 1536K, 0% used [0x00000000d5580000,0x00000000d5580000,0x00000000d5700000)
  from space 2560K, 99% used [0x00000000d5b00000,0x00000000d5d7af00,0x00000000d5d80000)
  to   space 4096K, 0% used [0x00000000d5700000,0x00000000d5700000,0x00000000d5b00000)
 ParOldGen       total 1232384K, used 1232332K [0x0000000080000000, 0x00000000cb380000, 0x00000000d5580000)
  object space 1232384K, 99% used [0x0000000080000000,0x00000000cb3730f0,0x00000000cb380000)
 Metaspace       used 91089K, committed 92992K, reserved 1179648K
  class space    used 11847K, committed 12736K, reserved 1048576K
}
Event: 224.337 GC heap before
{Heap before GC invocations=3993 (full 5):
 PSYoungGen      total 4096K, used 4075K [0x00000000d5580000, 0x00000000d6180000, 0x0000000100000000)
  eden space 1536K, 100% used [0x00000000d5580000,0x00000000d5700000,0x00000000d5700000)
  from space 2560K, 99% used [0x00000000d5b00000,0x00000000d5d7af00,0x00000000d5d80000)
  to   space 4096K, 0% used [0x00000000d5700000,0x00000000d5700000,0x00000000d5b00000)
 ParOldGen       total 1232384K, used 1232332K [0x0000000080000000, 0x00000000cb380000, 0x00000000d5580000)
  object space 1232384K, 99% used [0x0000000080000000,0x00000000cb3730f0,0x00000000cb380000)
 Metaspace       used 91089K, committed 92992K, reserved 1179648K
  class space    used 11847K, committed 12736K, reserved 1048576K
}
Event: 225.356 GC heap after
{Heap after GC invocations=3993 (full 5):
 PSYoungGen      total 2048K, used 320K [0x00000000d5580000, 0x00000000d5b80000, 0x0000000100000000)
  eden space 1536K, 0% used [0x00000000d5580000,0x00000000d5580000,0x00000000d5700000)
  from space 512K, 62% used [0x00000000d5700000,0x00000000d5750000,0x00000000d5780000)
  to   space 2048K, 0% used [0x00000000d5980000,0x00000000d5980000,0x00000000d5b80000)
 ParOldGen       total 1234944K, used 1234849K [0x0000000080000000, 0x00000000cb600000, 0x00000000d5580000)
  object space 1234944K, 99% used [0x0000000080000000,0x00000000cb5e8578,0x00000000cb600000)
 Metaspace       used 91089K, committed 92992K, reserved 1179648K
  class space    used 11847K, committed 12736K, reserved 1048576K
}
Event: 225.360 GC heap before
{Heap before GC invocations=3994 (full 5):
 PSYoungGen      total 2048K, used 1856K [0x00000000d5580000, 0x00000000d5b80000, 0x0000000100000000)
  eden space 1536K, 100% used [0x00000000d5580000,0x00000000d5700000,0x00000000d5700000)
  from space 512K, 62% used [0x00000000d5700000,0x00000000d5750000,0x00000000d5780000)
  to   space 2048K, 0% used [0x00000000d5980000,0x00000000d5980000,0x00000000d5b80000)
 ParOldGen       total 1234944K, used 1234849K [0x0000000080000000, 0x00000000cb600000, 0x00000000d5580000)
  object space 1234944K, 99% used [0x0000000080000000,0x00000000cb5e8578,0x00000000cb600000)
 Metaspace       used 91090K, committed 92992K, reserved 1179648K
  class space    used 11847K, committed 12736K, reserved 1048576K
}
Event: 225.361 GC heap after
{Heap after GC invocations=3994 (full 5):
 PSYoungGen      total 2560K, used 352K [0x00000000d5580000, 0x00000000d5a00000, 0x0000000100000000)
  eden space 2048K, 0% used [0x00000000d5580000,0x00000000d5580000,0x00000000d5780000)
  from space 512K, 68% used [0x00000000d5980000,0x00000000d59d8000,0x00000000d5a00000)
  to   space 1024K, 0% used [0x00000000d5800000,0x00000000d5800000,0x00000000d5900000)
 ParOldGen       total 1235456K, used 1234977K [0x0000000080000000, 0x00000000cb680000, 0x00000000d5580000)
  object space 1235456K, 99% used [0x0000000080000000,0x00000000cb608578,0x00000000cb680000)
 Metaspace       used 91090K, committed 92992K, reserved 1179648K
  class space    used 11847K, committed 12736K, reserved 1048576K
}
Event: 225.365 GC heap before
{Heap before GC invocations=3995 (full 5):
 PSYoungGen      total 2560K, used 2400K [0x00000000d5580000, 0x00000000d5a00000, 0x0000000100000000)
  eden space 2048K, 100% used [0x00000000d5580000,0x00000000d5780000,0x00000000d5780000)
  from space 512K, 68% used [0x00000000d5980000,0x00000000d59d8000,0x00000000d5a00000)
  to   space 1024K, 0% used [0x00000000d5800000,0x00000000d5800000,0x00000000d5900000)
 ParOldGen       total 1235456K, used 1234977K [0x0000000080000000, 0x00000000cb680000, 0x00000000d5580000)
  object space 1235456K, 99% used [0x0000000080000000,0x00000000cb608578,0x00000000cb680000)
 Metaspace       used 91090K, committed 92992K, reserved 1179648K
  class space    used 11847K, committed 12736K, reserved 1048576K
}
Event: 225.368 GC heap after
{Heap after GC invocations=3995 (full 5):
 PSYoungGen      total 3584K, used 523K [0x00000000d5580000, 0x00000000d5a00000, 0x0000000100000000)
  eden space 2560K, 0% used [0x00000000d5580000,0x00000000d5580000,0x00000000d5800000)
  from space 1024K, 51% used [0x00000000d5800000,0x00000000d5882c50,0x00000000d5900000)
  to   space 1024K, 0% used [0x00000000d5900000,0x00000000d5900000,0x00000000d5a00000)
 ParOldGen       total 1235456K, used 1235233K [0x0000000080000000, 0x00000000cb680000, 0x00000000d5580000)
  object space 1235456K, 99% used [0x0000000080000000,0x00000000cb648578,0x00000000cb680000)
 Metaspace       used 91090K, committed 92992K, reserved 1179648K
  class space    used 11847K, committed 12736K, reserved 1048576K
}
Event: 225.373 GC heap before
{Heap before GC invocations=3996 (full 5):
 PSYoungGen      total 3584K, used 3083K [0x00000000d5580000, 0x00000000d5a00000, 0x0000000100000000)
  eden space 2560K, 100% used [0x00000000d5580000,0x00000000d5800000,0x00000000d5800000)
  from space 1024K, 51% used [0x00000000d5800000,0x00000000d5882c50,0x00000000d5900000)
  to   space 1024K, 0% used [0x00000000d5900000,0x00000000d5900000,0x00000000d5a00000)
 ParOldGen       total 1235456K, used 1235233K [0x0000000080000000, 0x00000000cb680000, 0x00000000d5580000)
  object space 1235456K, 99% used [0x0000000080000000,0x00000000cb648578,0x00000000cb680000)
 Metaspace       used 91090K, committed 92992K, reserved 1179648K
  class space    used 11847K, committed 12736K, reserved 1048576K
}
Event: 225.375 GC heap after
{Heap after GC invocations=3996 (full 5):
 PSYoungGen      total 3584K, used 168K [0x00000000d5580000, 0x00000000d5980000, 0x0000000100000000)
  eden space 3072K, 0% used [0x00000000d5580000,0x00000000d5580000,0x00000000d5880000)
  from space 512K, 32% used [0x00000000d5900000,0x00000000d592a008,0x00000000d5980000)
  to   space 512K, 0% used [0x00000000d5880000,0x00000000d5880000,0x00000000d5900000)
 ParOldGen       total 1235968K, used 1235561K [0x0000000080000000, 0x00000000cb700000, 0x00000000d5580000)
  object space 1235968K, 99% used [0x0000000080000000,0x00000000cb69a568,0x00000000cb700000)
 Metaspace       used 91090K, committed 92992K, reserved 1179648K
  class space    used 11847K, committed 12736K, reserved 1048576K
}
Event: 225.382 GC heap before
{Heap before GC invocations=3997 (full 5):
 PSYoungGen      total 3584K, used 3240K [0x00000000d5580000, 0x00000000d5980000, 0x0000000100000000)
  eden space 3072K, 99% used [0x00000000d5580000,0x00000000d587fff8,0x00000000d5880000)
  from space 512K, 32% used [0x00000000d5900000,0x00000000d592a008,0x00000000d5980000)
  to   space 512K, 0% used [0x00000000d5880000,0x00000000d5880000,0x00000000d5900000)
 ParOldGen       total 1235968K, used 1235561K [0x0000000080000000, 0x00000000cb700000, 0x00000000d5580000)
  object space 1235968K, 99% used [0x0000000080000000,0x00000000cb69a568,0x00000000cb700000)
 Metaspace       used 91090K, committed 92992K, reserved 1179648K
  class space    used 11847K, committed 12736K, reserved 1048576K
}
Event: 225.385 GC heap after
{Heap after GC invocations=3997 (full 5):
 PSYoungGen      total 3584K, used 424K [0x00000000d5580000, 0x00000000d5a80000, 0x0000000100000000)
  eden space 3072K, 0% used [0x00000000d5580000,0x00000000d5580000,0x00000000d5880000)
  from space 512K, 82% used [0x00000000d5880000,0x00000000d58ea008,0x00000000d5900000)
  to   space 512K, 0% used [0x00000000d5a00000,0x00000000d5a00000,0x00000000d5a80000)
 ParOldGen       total 1235968K, used 1235641K [0x0000000080000000, 0x00000000cb700000, 0x00000000d5580000)
  object space 1235968K, 99% used [0x0000000080000000,0x00000000cb6ae570,0x00000000cb700000)
 Metaspace       used 91090K, committed 92992K, reserved 1179648K
  class space    used 11847K, committed 12736K, reserved 1048576K
}
Event: 225.411 GC heap before
{Heap before GC invocations=3998 (full 5):
 PSYoungGen      total 3584K, used 3496K [0x00000000d5580000, 0x00000000d5a80000, 0x0000000100000000)
  eden space 3072K, 100% used [0x00000000d5580000,0x00000000d5880000,0x00000000d5880000)
  from space 512K, 82% used [0x00000000d5880000,0x00000000d58ea008,0x00000000d5900000)
  to   space 512K, 0% used [0x00000000d5a00000,0x00000000d5a00000,0x00000000d5a80000)
 ParOldGen       total 1235968K, used 1235641K [0x0000000080000000, 0x00000000cb700000, 0x00000000d5580000)
  object space 1235968K, 99% used [0x0000000080000000,0x00000000cb6ae570,0x00000000cb700000)
 Metaspace       used 91090K, committed 92992K, reserved 1179648K
  class space    used 11847K, committed 12736K, reserved 1048576K
}
Event: 225.415 GC heap after
{Heap after GC invocations=3998 (full 5):
 PSYoungGen      total 3072K, used 512K [0x00000000d5580000, 0x00000000d5d80000, 0x0000000100000000)
  eden space 2560K, 0% used [0x00000000d5580000,0x00000000d5580000,0x00000000d5800000)
  from space 512K, 100% used [0x00000000d5a00000,0x00000000d5a80000,0x00000000d5a80000)
  to   space 2048K, 0% used [0x00000000d5800000,0x00000000d5800000,0x00000000d5a00000)
 ParOldGen       total 1236992K, used 1236753K [0x0000000080000000, 0x00000000cb800000, 0x00000000d5580000)
  object space 1236992K, 99% used [0x0000000080000000,0x00000000cb7c45a0,0x00000000cb800000)
 Metaspace       used 91090K, committed 92992K, reserved 1179648K
  class space    used 11847K, committed 12736K, reserved 1048576K
}
Event: 225.430 GC heap before
{Heap before GC invocations=3999 (full 5):
 PSYoungGen      total 3072K, used 3072K [0x00000000d5580000, 0x00000000d5d80000, 0x0000000100000000)
  eden space 2560K, 100% used [0x00000000d5580000,0x00000000d5800000,0x00000000d5800000)
  from space 512K, 100% used [0x00000000d5a00000,0x00000000d5a80000,0x00000000d5a80000)
  to   space 2048K, 0% used [0x00000000d5800000,0x00000000d5800000,0x00000000d5a00000)
 ParOldGen       total 1236992K, used 1236753K [0x0000000080000000, 0x00000000cb800000, 0x00000000d5580000)
  object space 1236992K, 99% used [0x0000000080000000,0x00000000cb7c45a0,0x00000000cb800000)
 Metaspace       used 91090K, committed 92992K, reserved 1179648K
  class space    used 11847K, committed 12736K, reserved 1048576K
}
Event: 225.433 GC heap after
{Heap after GC invocations=3999 (full 5):
 PSYoungGen      total 4608K, used 1785K [0x00000000d5580000, 0x00000000d5c80000, 0x0000000100000000)
  eden space 2560K, 0% used [0x00000000d5580000,0x00000000d5580000,0x00000000d5800000)
  from space 2048K, 87% used [0x00000000d5800000,0x00000000d59be6c0,0x00000000d5a00000)
  to   space 2048K, 0% used [0x00000000d5a80000,0x00000000d5a80000,0x00000000d5c80000)
 ParOldGen       total 1237504K, used 1237204K [0x0000000080000000, 0x00000000cb880000, 0x00000000d5580000)
  object space 1237504K, 99% used [0x0000000080000000,0x00000000cb8350e0,0x00000000cb880000)
 Metaspace       used 91090K, committed 92992K, reserved 1179648K
  class space    used 11847K, committed 12736K, reserved 1048576K
}
Event: 226.484 GC heap before
{Heap before GC invocations=4000 (full 5):
 PSYoungGen      total 4608K, used 4345K [0x00000000d5580000, 0x00000000d5c80000, 0x0000000100000000)
  eden space 2560K, 100% used [0x00000000d5580000,0x00000000d5800000,0x00000000d5800000)
  from space 2048K, 87% used [0x00000000d5800000,0x00000000d59be6c0,0x00000000d5a00000)
  to   space 2048K, 0% used [0x00000000d5a80000,0x00000000d5a80000,0x00000000d5c80000)
 ParOldGen       total 1237504K, used 1237204K [0x0000000080000000, 0x00000000cb880000, 0x00000000d5580000)
  object space 1237504K, 99% used [0x0000000080000000,0x00000000cb8350e0,0x00000000cb880000)
 Metaspace       used 91090K, committed 92992K, reserved 1179648K
  class space    used 11847K, committed 12736K, reserved 1048576K
}
Event: 226.487 GC heap after
{Heap after GC invocations=4000 (full 5):
 PSYoungGen      total 4608K, used 2034K [0x00000000d5580000, 0x00000000d5d00000, 0x0000000100000000)
  eden space 2560K, 0% used [0x00000000d5580000,0x00000000d5580000,0x00000000d5800000)
  from space 2048K, 99% used [0x00000000d5a80000,0x00000000d5c7c8c8,0x00000000d5c80000)
  to   space 2560K, 0% used [0x00000000d5800000,0x00000000d5800000,0x00000000d5a80000)
 ParOldGen       total 1239040K, used 1238946K [0x0000000080000000, 0x00000000cba00000, 0x00000000d5580000)
  object space 1239040K, 99% used [0x0000000080000000,0x00000000cb9e89a0,0x00000000cba00000)
 Metaspace       used 91090K, committed 92992K, reserved 1179648K
  class space    used 11847K, committed 12736K, reserved 1048576K
}
Event: 226.727 GC heap before
{Heap before GC invocations=4001 (full 5):
 PSYoungGen      total 4608K, used 4594K [0x00000000d5580000, 0x00000000d5d00000, 0x0000000100000000)
  eden space 2560K, 100% used [0x00000000d5580000,0x00000000d5800000,0x00000000d5800000)
  from space 2048K, 99% used [0x00000000d5a80000,0x00000000d5c7c8c8,0x00000000d5c80000)
  to   space 2560K, 0% used [0x00000000d5800000,0x00000000d5800000,0x00000000d5a80000)
 ParOldGen       total 1239040K, used 1238946K [0x0000000080000000, 0x00000000cba00000, 0x00000000d5580000)
  object space 1239040K, 99% used [0x0000000080000000,0x00000000cb9e89a0,0x00000000cba00000)
 Metaspace       used 91090K, committed 92992K, reserved 1179648K
  class space    used 11847K, committed 12736K, reserved 1048576K
}

